nohup: ignoring input
/home/hugh/anaconda3/envs/chunyu/lib/python3.11/site-packages/torchvision/models/_utils.py:208: UserWarning: The parameter 'pretrained' is deprecated since 0.13 and may be removed in the future, please use 'weights' instead.
  warnings.warn(
/home/hugh/anaconda3/envs/chunyu/lib/python3.11/site-packages/torchvision/models/_utils.py:223: UserWarning: Arguments other than a weight enum or `None` for 'weights' are deprecated since 0.13 and may be removed in the future. The current behavior is equivalent to passing `weights=None`.
  warnings.warn(msg)
Files already downloaded and verified
Files already downloaded and verified
Using device: cuda:0
[1,   200] loss: 2.283
[1,   400] loss: 2.137
[1,   600] loss: 1.968
[1,   800] loss: 1.803
[1,  1000] loss: 1.728
[1,  1200] loss: 1.667
[1,  1400] loss: 1.612
[2,   200] loss: 1.521
[2,   400] loss: 1.460
[2,   600] loss: 1.427
[2,   800] loss: 1.400
[2,  1000] loss: 1.395
[2,  1200] loss: 1.341
[2,  1400] loss: 1.296
[3,   200] loss: 1.239
[3,   400] loss: 1.192
[3,   600] loss: 1.159
[3,   800] loss: 1.162
[3,  1000] loss: 1.119
[3,  1200] loss: 1.127
[3,  1400] loss: 1.086
[4,   200] loss: 1.002
[4,   400] loss: 1.023
[4,   600] loss: 0.979
[4,   800] loss: 0.962
[4,  1000] loss: 0.950
[4,  1200] loss: 0.945
[4,  1400] loss: 0.928
[5,   200] loss: 0.827
[5,   400] loss: 0.827
[5,   600] loss: 0.802
[5,   800] loss: 0.818
[5,  1000] loss: 0.809
[5,  1200] loss: 0.807
[5,  1400] loss: 0.773
[6,   200] loss: 0.690
[6,   400] loss: 0.679
[6,   600] loss: 0.712
[6,   800] loss: 0.690
[6,  1000] loss: 0.667
[6,  1200] loss: 0.687
[6,  1400] loss: 0.708
[7,   200] loss: 0.578
[7,   400] loss: 0.573
[7,   600] loss: 0.592
[7,   800] loss: 0.564
[7,  1000] loss: 0.590
[7,  1200] loss: 0.592
[7,  1400] loss: 0.580
[8,   200] loss: 0.468
[8,   400] loss: 0.471
[8,   600] loss: 0.490
[8,   800] loss: 0.474
[8,  1000] loss: 0.499
[8,  1200] loss: 0.504
[8,  1400] loss: 0.490
[9,   200] loss: 0.373
[9,   400] loss: 0.388
[9,   600] loss: 0.391
[9,   800] loss: 0.412
[9,  1000] loss: 0.393
[9,  1200] loss: 0.431
[9,  1400] loss: 0.423
[10,   200] loss: 0.286
[10,   400] loss: 0.310
[10,   600] loss: 0.317
[10,   800] loss: 0.322
[10,  1000] loss: 0.324
[10,  1200] loss: 0.331
[10,  1400] loss: 0.347
Finished Training
Traceback (most recent call last):
  File "/home/hugh/Infinite-Feature-Selection/train.py", line 76, in <module>
    outputs = net(inputs)
              ^^^^^^^^^^^
  File "/home/hugh/anaconda3/envs/chunyu/lib/python3.11/site-packages/torch/nn/modules/module.py", line 1501, in _call_impl
    return forward_call(*args, **kwargs)
           ^^^^^^^^^^^^^^^^^^^^^^^^^^^^^
  File "/home/hugh/anaconda3/envs/chunyu/lib/python3.11/site-packages/torchvision/models/vgg.py", line 66, in forward
    x = self.features(x)
        ^^^^^^^^^^^^^^^^
  File "/home/hugh/anaconda3/envs/chunyu/lib/python3.11/site-packages/torch/nn/modules/module.py", line 1501, in _call_impl
    return forward_call(*args, **kwargs)
           ^^^^^^^^^^^^^^^^^^^^^^^^^^^^^
  File "/home/hugh/anaconda3/envs/chunyu/lib/python3.11/site-packages/torch/nn/modules/container.py", line 217, in forward
    input = module(input)
            ^^^^^^^^^^^^^
  File "/home/hugh/anaconda3/envs/chunyu/lib/python3.11/site-packages/torch/nn/modules/module.py", line 1501, in _call_impl
    return forward_call(*args, **kwargs)
           ^^^^^^^^^^^^^^^^^^^^^^^^^^^^^
  File "/home/hugh/anaconda3/envs/chunyu/lib/python3.11/site-packages/torch/nn/modules/conv.py", line 463, in forward
    return self._conv_forward(input, self.weight, self.bias)
           ^^^^^^^^^^^^^^^^^^^^^^^^^^^^^^^^^^^^^^^^^^^^^^^^^
  File "/home/hugh/anaconda3/envs/chunyu/lib/python3.11/site-packages/torch/nn/modules/conv.py", line 459, in _conv_forward
    return F.conv2d(input, weight, bias, self.stride,
           ^^^^^^^^^^^^^^^^^^^^^^^^^^^^^^^^^^^^^^^^^^
RuntimeError: Input type (torch.FloatTensor) and weight type (torch.cuda.FloatTensor) should be the same or input should be a MKLDNN tensor and weight is a dense tensor
